B  70 154
11111111111111111111111111111111111111111111111111
11111111111111111111111111100000000000000000000000
00000000000000000000000000000000000001100000000111
11111111111111111111111111111111111111111111111111
11111111111111111111111111111110000000000000000000
00000000000000000000000000000000000000001001000001
11011001111111111111111111111111111111111111111111
11111111111111111111111111111111111000000000000000
00000000000000000000000000000000000000000001100000
00000100111111111111111111111111111111111111111111
11111111111111111111111111111111111111100000000000
00000000000000000000000000000000000000000000000111
01111110000011111111111111111111111111111111111111
11111111111111111111111111111111111111111110000000
00000000000000000000000000000000000000000000000000
01111111111001111111111111111111111111111111111111
11111111111111111111111111111111111111111111111000
00000000000000000000000000000000000000000000000000
00000111111111111101111111111111111111111111111111
11111111111111111111111111111111111111111111111111
10000000000000000000000000000000000000000000000000
00000000011111111110000011111111111111111111111111
11111111111111111111111111111111111111111111111111
11111000000000000000000000000000000000000000000000
00000000000001111111111000000100111111111111111111
11111111111111111111111111111111111111111111111111
11111111100000000000000000000000000000000000000000
00000000000000000111111111101000111111111111111111
11111111111111111111111111111111111111111111111111
11111111111110000000000000000000000000000000000000
00111111111111111111100000000000000000001111111111
11111111111111111111111111111111111111111111111111
11111111111111111000000000000000000000000000000000
00000011111111111111111110000000000000000000111111
11111111111111111111111111111111111111111111111111
11111111111111111111100000000000000000000000000000
00000000001111111111111111111000000000000000000011
11111111111111111111111111111111111111111111111111
11111111111111111111111110000000000000000000000000
00000000000000111111111111111111100000000000000000
00111111111111111111111111111111111111111111111111
11111111111111111111111111111000000000000000000000
00000000000000000011111111111111111110000000000000
00000011111111111111111111111111111111111111111111
11111111111111111111111111111111100000000000000000
00000000000000000000000000000000111001111000000000
00000000001111111111111111111111111111111111111111
11111111111111111111111111111111111110000000000000
00000000000000000000000000000000000000010010100000
00000000000000111111111111111111111111111111111111
11111111111111111111111111111111111111111000000000
00000000000000000000000000000000000000000011011110
00000000000000000011111111111111111111111111111111
11111111111111111111111111111111111111111111100000
00000000000000000000000000000000000000000000000101
11100000000000000000001111111111111111111111111111
11111111111111111111111111111111111111111111111111
11111111111111111111111111111111111111111111111111
11111111111111111111111111111111111111111111111111
11111111111111111111111111111111111111111111111111
11111111111111111111111111111111111111111111111111
11111111111111111111111111111111111111111111111111
11111111111111111111111111111111111111111111111111
11111111111111111111111111111111111111111111111111
11111111111111111111111111111111111111111111111111
11111111111111111111111111111111111111111111111111
11111111111111111111111111111111111111111111111111
11111111111111111111111111111111111111111111111111
11111111111111111111111111111111111111111111111111
11111111111111111111111111111111111111111111111111
11111111111111111111111111111111111111111111111111
11111111111111111111111111111111111111111111111111
11111111111111111111111111111111111111111111111111
11111111111111111111111111111111111111111111111111
11111111111111111111111111111111111111111111111111
11111111111111111111111111111111111111111111111111
11111111111111111111111111111111111111111111111111
11111111111111111111111111111111111111111111111111
11111111111111111111111111111111111111111111111111
11111111111111111111111111111111111111111111111111
11111111111111111111111111111111111111111111111111
11111111111111111111111111111111111111111111111111
11111111111111111111111111111111111111111111111111
11111111111111111111111111111111111111111111111111
11111111111111111111111111111111111111111111111111
11111111111111111111111111111111111111111111111111
11111111111111111111111111111111111111111111111111
11111111111111111111111111111111111111111111111111
11111111111111111111111111111111111111111111111111
11111111111111111111111111111111111111111111111111
11111111111111111111111111111111111111111111111111
11111111111111111111111111111111111111111111111111
11111111111111111111111111111111111111111111111111
11111111111111111111111111111111111111111111111111
11111111111111111111111111111111111111111111111111
11111111111111111111111111111111111111111111111111
11111111111111111111111111111111111111111111111111
11111111111111111111111111111111111111111111111111
11111111111111111111111111111111111111111111111111
11111111111111111111111111111111111111111111111111
11111111111111111111111111111111111111111111111111
11111111111111111111111111111111111111111111111111
11111111111111111111111111111111111111111111111111
11111111111111111111111111111111111111111111111111
11111111111111111111111111111111111111111111111111
11111111111111111111111111111111111111111111111111
11111111111111111111111111111111111111111111111111
11111111111111111111111111111111111111111111111111
11111111111111111111111111111000000000000000000000
00000000000000000111111111111111000001110011011001
01001100000000000000000000000011100000000000111111
11111111111111111111111111111111100000000000000000
00000000000000000000011111111110001100001111011111
11010100110000000000000000000000001111000000000011
11111111111111111111111111111111111110000000000000
00000000000000000000000001111111111111000000010011
00001000110000000000000000000000000000111110000000
00111111111111111111111111111111111111111000000000
00000000000000000000000000000111111111111111001011
00011111111111111100000000000000000000010001001000
00000011111111111111111111111111111111111111100000
00000000000000000000000000000000011111111111111101
00101000111111010111110000000000000000000011111101
00000000001111111111111111111111111111111111111110
00000000000000000000000000000000000001111101110111
11111110000011111110110100111000000011001001000010
11111000000000111111111111111111111111111111111111
11100000000000000000000000000000000000000111000001
01111111111111000000100001001011100000000001111001
11110011100000000011111111111111111111111111111111
11111110000000000000000000000000000000000000001000
00010111111111110001001011100000110000001100100111
11100000010110000000001111111111111111111111111111
11111111111000000000000000000000000000000000000000
00001110011111111111000001100010001000000000011111
11011110000000010000000000111111111111111111111111
11111111111111100000000000000000000000000000000000
00000000000000000000000000100001100001000011100010
11000000000111111111111111111111111111111111111111
11111111111111111110000000000000000000000000000000
00000000000000000000000000001001000110001000001110
01001100000100011111111111111111111111111111111111
11111111111111111111111000000000000000000000000000
00000000000000000000000000000000000011111001000000
00001010010000000111111111111111111111111111111111
11111111111111111111111111100000000000000000000000
00000000000000000000000000000000000111110000001101
00011111111000111111110111111111111111111111111111
11111111111111111111111111111110000000000000000000
00000000000000000000000000000000000000011111000000
10110011111110010011111000111111111111111111111111
11111111111111111111111111111111111000000000000000
00000000000000000000000000000000000000000000000000
00000000000011111111110000011111111111111111111111
11111111111111111111111111111111111111100000000000
00000000000000000000000000000000000000000000000000
00000000000000001111111111000001111111111111111111
11111111111111111111111111111111111111111110000000
00000000000000000000000000000000000000000000000000
00000000000000000000111111111111110111111111111111
11111111111111111111111111111111111111111111111000
00000000000000000000000000000000000000000000000000
00000000000000000000000011111111111101011111111111
11111111111111111111011110011011111111111111111111
10000000000000000000000000000000000000011111111111
11111111111111111111111111111111111111111111111000
10111110000000001111111110101001101111111111111111
11111000000000000000000000000000000000000001111111
11111111111111111111111111111111111111111111111111
11000011111000000000111101110111111001011111111111
11111111100000000000000000000000000000000000000111
11111111111111111111111111111111111111111111111111
11111000101111100000000011111101001110000111111111
11111111111110000000000000000000000000000000000000
01111111111111111111111111111111111111111111111111
11111111111100110000000000001111111101111101111011
11111111111111111000000000000000000000000000000000
00000111111111111111111111111111111111111111111111
11111111111110111100000000000000111111111000000001
00111111111111111111100000000000000000000000000000
00000000011111111111111111111111111111111111111111
11111111111111111001000110011100110111111000110000
01100011111111111111111110000000000000000000000000
00000000000001111111111111111111111111111111111111
11111111111111111111100000111111110010100000000000
00011000001111111111111111111000000000000000000000
00000000000000000111111111111111111111111111111111
11111111111111111111111110011111111111111100000000
00001101000000111111111111111111100000000000000000
00000000000000000000011111111111111111111111111111
11111111111111111111111111111100110001111111011011
11111111000010000001000011001111111110000000000000
00000000000000000000000001111111111111111111111111
11111111111111111111111111111111111100000000001100
11000011111100001000000011000011111111111000000000
00000000000000000000000000000111111111111111111111
11111111111111111111111111111111111110001100000100
11111111111111111111010001000000111111111111100000
00000000000000000000000000000000011111111111111111
11111111111111111111111111111111111111111111001111
10000001001110001110111110111100000001001111111110
00000000000000000000000000000000000001111111111111
11111111111111111111111111111111111111111111111011
11111000001100001110001111111111110000011000000110
11000000000000000000000000000000000000000111111111
11111111111111111111111111111111111111111111111110
00001010111110111000011011111111111111000000000011
00000000000000000000000000000000000000000000011111
11111111111111111111111111111111111111111111111111
11100000010010101001011100011000111111111100000000
10111111111000000000000000000000000000000000000001
11111111111111111111111111111111111111111111111111
11111110001100100000001011110000001111111111111101
01111111111111100000000000000000000000000000000000
00011111111111111111111111111111111111111111111111
111111111111100111111000000101
D  70 154
DD11DDDD1100D110000DD1100D11000011DDD1D111000DD110
0D11000000DDD1100D110000DD1100D110000001111DDDDD11
00D110000DD1100D11000000DDD1100D110000DD1100D11000
00011DDDD1100D110000DD1100D110000D000D01D0011DDD11
00D110000DD1100D110000D0011D00111111D0D0DDDD01D010
D1001D1000D1D01111DDD0111D1101D010DD1110D110111D00
D01111DD1D01001D00DD0100DD01011D110DD100D10D11D01D
01DD01D100D1010DDDDD1100D110000DD1100D110000D0011D
0011DDD1100D110000DD1100D110000D0011D001111DDDD110
0D110000DD1100D110000D0011D0011DDD1100D110000DD110
0D110000D0011D00111111DDDDD1100D110000DD1100D11000
0D0011D0011DDD1100D110000DD1100D110000D0011D001111
DDDD1100D110000DD1100D110000D0011D0011DDD1100D1100
00DD1100D110000D0011D00111111D10DDDD111D10D1D01101
D011DDD10101D01DDD11D101011DD10101D01D01D101D10DD0
111D10D1D1D100100D0DD010D100D01D10D1001DDD110D011D
1110D11DD011D10DD0D010D010D1D1011DDD100D01DD0111DD
D01101D01DD0111DD100D100DD100011DDDDD0100D01D10DDD
0110010DDD0111D0101D0DD10000D00D10D10D0D1011DD01D1
00DD01D1000110DDD1DDD1100110D0D0001001DD01D01DD010
D01DD1110DDD011D100D10DDD010000D0D10101DDD1D0001DD
1001DD101110D01DDD100D01DD01001DDD01D101D010101D01
00D11DD101D011DD0010D110D01DDD100D01DD1000DD01D01D
D0110DDD1010D01DD0100D10DD100DD0100D01D1000DDDD00D
010D100100D011110DD0D0110D0100DDD011D01DD0101D0D01
0100DD00DD101000DDD0110D011DDD10D0101D0D1010DDD100
11D101DD0D1D001011DD010DD0111DDD010D01D10D100DD0D1
011D11D0110DDD01010D100DDD100D01DDD010D1001DD010D0
11DD100D010D0DD00100011D1D100D011D01D1D10D10D10111
D1DDDD00D100D10000D101D10DD0111DD100000DDD01000DDD
011011DD011DD1001D1101DD1010D1D01D10D101D10D01D101
DDD10010D10D1011DD01DD1001D01110DD01010D0DDD101D01
DD010D01D01D10D01DD01011DD1D10DD010D10D1D10D01D010
DD101D01D01
