Test Case Number : 1
316708 A1(A2(A3(A4(A5(A6(A7(A8(A9(A10(A11(A12(A13(A14(A15(A16(A17(A18(A19(A20(A21((A22A23)(A24(A25(A26(A27(A28(A29((A30A31)A32))))))))))))))))))))))))))))
2967382 (((A1A2)A3)A4)(((A5(((A6(A7A8))(A9(A10A11)))(((((((A12A13)A14)(A15A16))A17)(A18A19))A20)A21)))(((A22A23)(A24A25))((A26(A27A28))A29)))((A30A31)A32))
305550 A1(A2(A3(A4(A5(A6(A7(A8(A9(A10(A11(A12(A13(A14(A15(A16(A17(A18(A19(A20(A21(A22(A23(A24(A25(A26(A27(A28(A29(A30(A31A32))))))))))))))))))))))))))))))
Test Case Number : 2
11820 ((A1A2)(A3A4))A5
6760 (A1A2)((A3A4)A5)
6760 (A1A2)((A3A4)A5)
Test Case Number : 3
398475 (A1(A2(A3(A4(A5(A6(A7(A8(A9(A10A11))))))))))(A12A13)
1601758 (((A1A2)A3)(A4(A5((((A6A7)A8)(A9A10))A11))))(A12A13)
398475 (A1(A2(A3(A4(A5(A6(A7(A8(A9(A10A11))))))))))(A12A13)
Test Case Number : 4
193668 (A1(A2A3))((((((((((((((((((((((((((((((A4A5)A6)A7)A8)A9)A10)A11)A12)A13)A14)A15)A16)A17)A18)A19)A20)A21)A22)(A23(((A24A25)A26)A27)))A28)A29)A30)A31)A32)A33)A34)A35)A36)A37)A38)
726096 (((A1A2)A3)(((A4(A5A6))((A7(((A8A9)A10)A11))(((((A12A13)A14)A15)(A16(A17A18)))A19)))((A20(A21A22))A23)))(((((A24A25)A26)A27)((((A28A29)A30)A31)((A32A33)A34)))(A35((A36A37)A38)))
193452 (A1(A2A3))((((A4A5)A6)(A7(A8(A9(A10(A11(A12(A13(A14(A15(A16(A17(A18(A19(A20(A21(A22A23)))))))))))))))))((((((((((((((A24A25)A26)A27)A28)A29)A30)A31)A32)A33)A34)A35)A36)A37)A38))
Test Case Number : 5
618641 (A1(A2(A3(A4(A5(A6((A7A8)((A9A10)(A11(A12(A13(A14(A15(A16(A17(A18(A19(A20(A21A22)))))))))))))))))))((A23A24)A25)
2763807 (((A1((A2A3)((A4A5)A6)))(A7A8))(((A9((A10((A11A12)(A13((A14A15)A16))))(A17A18)))A19)((A20A21)A22)))((A23A24)A25)
613921 (A1(A2(A3(A4(A5(A6(A7(A8(A9(A10(A11(A12(A13(A14(A15(A16(A17(A18(A19(A20(A21A22)))))))))))))))))))))((A23A24)A25)
Test Case Number : 6
413128 A1(A2(A3(((A4A5)(A6(A7(A8A9))))((((((A10A11)A12)A13)A14)A15)(((((A16A17)A18)A19)A20)A21)))))
2245240 ((((((A1A2)A3)A4)A5)(A6(A7(A8A9))))((A10A11)(A12((A13A14)A15))))((A16A17)(((A18A19)A20)A21))
305272 (A1(A2(A3(A4(A5(A6(A7(A8A9))))))))(((A10A11)(A12(A13(A14A15))))(((((A16A17)A18)A19)A20)A21))
Test Case Number : 7
300169 A1((((((A2A3)((A4A5)(A6A7)))(A8A9))((A10A11)((A12A13)((((A14(A15(A16A17)))(A18A19))(A20A21))(A22A23)))))(A24A25))((A26A27)((A28A29)((((((A30A31)(A32A33))(A34A35))(A36A37))(A38A39))(A40A41)))))
307599 ((((A1(A2A3))((A4A5)(A6A7)))(((A8A9)(A10A11))(A12A13)))((A14A15)(A16A17)))((((A18A19)(A20A21))((A22A23)(((A24A25)(A26A27))(A28A29))))(((A30A31)((A32A33)(A34A35)))(((A36A37)(A38A39))(A40A41))))
46873 (A1(A2(A3(A4(A5(A6(A7(A8(A9(A10(A11(A12(A13(A14(A15(A16A17))))))))))))))))(((((((((((((((((((((((A18A19)A20)A21)A22)A23)A24)A25)A26)A27)A28)A29)A30)A31)A32)A33)A34)A35)A36)A37)A38)A39)A40)A41)
Test Case Number : 8
279752 (A1(A2A3))(((A4A5)A6)(A7A8))
278905 (A1(A2A3))((((A4A5)A6)A7)A8)
278905 (A1(A2A3))((((A4A5)A6)A7)A8)
Test Case Number : 9
35975 A1((((((((((((((A2A3)(A4A5))(A6A7))A8)A9)A10)A11)A12)A13)A14)A15)A16)A17)A18)
149222 A1(((A2A3)(A4A5))(((A6A7)(A8A9))(((A10A11)(A12A13))(((A14A15)(A16A17))A18))))
28015 A1((((((((((((((((A2A3)A4)A5)A6)A7)A8)A9)A10)A11)A12)A13)A14)A15)A16)A17)A18)
Test Case Number : 10
339772 (A1(A2A3))(((((((((((A4A5)A6)A7)A8)A9)(A10A11))A12)A13)A14)A15)A16)
778802 ((A1(A2A3))(A4((A5((A6A7)(A8A9)))A10)))((A11((A12A13)(A14A15)))A16)
283080 (A1(A2(A3(A4(A5(A6(A7(A8(A9A10)))))))))(((((A11A12)A13)A14)A15)A16)
Test Case Number : 11
197673 (A1A2)((((((((((((A3A4)A5)A6)A7)A8)A9)A10)A11)A12)A13)A14)((A15(A16(A17(A18A19))))(((A20A21)A22)A23)))
734404 ((A1A2)(((((A3((A4A5)A6))A7)(A8(A9A10)))A11)((A12(A13A14))(A15((A16(A17A18))A19)))))((A20(A21A22))A23)
196944 (A1A2)(((((((((((A3A4)A5)A6)A7)A8)A9)A10)A11)(A12(A13(A14(A15(A16(A17(A18A19))))))))((A20A21)A22))A23)
Test Case Number : 12
214814 ((((A1A2)(A3(A4(A5A6))))((((((A7A8)A9)A10)A11)A12)(A13A14)))(A15(A16(A17(A18(A19A20))))))(A21A22)
1734345 (((A1A2)((A3(A4A5))A6))A7)((A8((A9A10)(A11A12)))((((A13A14)(A15((A16A17)A18)))(A19A20))(A21A22)))
64594 (A1(A2(A3(A4(A5(A6A7))))))((((((((((((((A8A9)A10)A11)A12)A13)A14)A15)A16)A17)A18)A19)A20)A21)A22)
Test Case Number : 13
137696 (A1(A2(A3(A4(A5(A6(A7(A8(A9(A10(A11(A12(A13A14)))))))))))))((((((((((((((((((((A15A16)A17)A18)A19)A20)A21)A22)A23)A24)A25)A26)A27)A28)A29)A30)A31)A32)A33)(A34(A35(A36(A37(A38(A39(A40(A41(A42(A43(A44(A45(A46A47))))))))))))))(A48A49))
1301131 ((((((A1A2)(A3((A4A5)A6)))A7)((A8(A9A10))A11))(A12(A13A14)))((((A15(A16(A17A18)))A19)((A20(A21A22))A23))(((((A24(A25A26))A27)(A28(A29A30)))(((A31((A32A33)A34))(A35(A36(A37A38))))((A39((A40A41)A42))A43)))(((A44A45)A46)A47))))(A48A49)
137518 (A1(A2(A3(A4(A5(A6(A7(A8(A9(A10(A11((A12(A13A14))(((((((((A15A16)A17)A18)A19)A20)A21)A22)A23)(A24(A25(A26(A27(A28(A29(A30(A31(A32(A33(A34(A35(A36(A37(A38(A39(A40(A41(A42(A43(A44(A45(A46A47))))))))))))))))))))))))))))))))))))(A48A49)
Test Case Number : 14
128457 (A1(A2A3))((((A4A5)A6)A7)A8)
192961 (A1(A2A3))((A4A5)((A6A7)A8))
128457 (A1(A2A3))((((A4A5)A6)A7)A8)
Test Case Number : 15
192485 ((A1A2)(A3(A4(A5A6))))((((((((((((((((((((((A7A8)A9)A10)A11)A12)(A13A14))A15)A16)A17)A18)(A19A20))A21)A22)A23)A24)A25)A26)A27)A28)A29)A30)A31)
2736639 ((A1A2)((A3A4)(A5A6)))((((A7A8)((A9((A10A11)A12))A13))(A14(A15((A16A17)A18))))((((A19A20)(((A21(A22A23))A24)A25))(A26(A27(A28(A29A30)))))A31))
190308 (A1(A2(A3(A4(A5A6)))))((((((((((((((((((((((((A7A8)A9)A10)A11)A12)A13)A14)A15)A16)A17)A18)A19)A20)A21)A22)A23)A24)A25)A26)A27)A28)A29)A30)A31)
Test Case Number : 16
115964 (A1(A2(A3((A4A5)(A6(A7(A8A9)))))))(((A10A11)A12)A13)
1446397 (((A1A2)A3)((A4A5)(((A6A7)A8)A9)))(A10(A11(A12A13)))
114872 (A1(A2(A3(A4(A5(A6(A7(A8A9))))))))(((A10A11)A12)A13)
Test Case Number : 17
98843 ((A1(A2(A3(A4(A5(A6(A7(A8(A9(A10(A11(A12(A13(A14(A15A16)))))))))))))))((((((((((((((((((((A17A18)A19)A20)A21)A22)A23)A24)A25)A26)A27)A28)A29)A30)A31)A32)A33)A34)A35)A36)A37))A38
824699 ((((A1((A2A3)A4))A5)(((A6(A7A8))A9)(((A10A11)A12)A13)))((A14A15)A16))((((A17(A18(A19A20)))(A21(A22(A23A24))))((A25(((((A26A27)A28)A29)((A30A31)A32))A33))((A34(A35A36))A37)))A38)
95785 (A1(A2(A3(A4(A5(A6(A7(A8(A9(A10(A11(A12(A13(A14(A15A16)))))))))))))))(((((((((((((((((((((A17A18)A19)A20)A21)A22)A23)A24)A25)A26)A27)A28)A29)A30)A31)A32)A33)A34)A35)A36)A37)A38)
Test Case Number : 18
132917 (A1(A2((A3A4)(A5(A6(A7(A8(A9(A10(A11A12))))))))))(((((((((((((A13A14)(A15A16))A17)A18)((A19A20)((A21A22)(A23A24))))(A25A26))A27)A28)(A29A30))((A31A32)(A33A34)))A35)A36)A37)
290743 ((((A1A2)(A3A4))(((A5A6)((A7A8)(A9A10)))(A11A12)))(A13A14))(((((A15A16)((A17A18)(A19A20)))((A21A22)(A23A24)))((A25A26)((A27A28)(A29A30))))((A31A32)(((A33A34)(A35A36))A37)))
84350 (A1(A2(A3(A4(A5(A6(A7(A8(A9(A10(A11A12)))))))))))(((((((((A13A14)(((((((((((((((A15A16)A17)A18)A19)A20)A21)A22)A23)A24)A25)A26)A27)A28)A29)A30))A31)A32)A33)A34)A35)A36)A37)
Test Case Number : 19
136664 (A1(A2A3))((((((((((((((((((((((((((((((((A4A5)A6)A7)A8)A9)A10)A11)A12)A13)A14)A15)(A16A17))A18)A19)A20)A21)A22)A23)A24)A25)A26)A27)(A28A29))A30)A31)A32)A33)A34)A35)A36)A37)A38)
3262450 (A1(A2A3))(((A4(A5(((A6A7)(A8A9))A10)))(((A11((A12(A13A14))A15))(A16A17))((A18((A19A20)A21))A22)))((A23(A24((A25A26)A27)))(((A28A29)((A30A31)(A32A33)))((A34A35)((A36A37)A38)))))
135114 (A1(A2A3))((((((((((((((((((((((((((((((((((A4A5)A6)A7)A8)A9)A10)A11)A12)A13)A14)A15)A16)A17)A18)A19)A20)A21)A22)A23)A24)A25)A26)A27)A28)A29)A30)A31)A32)A33)A34)A35)A36)A37)A38)
Test Case Number : 20
104367 ((((A1A2)(A3A4))(A5(A6((A7A8)((((A9A10)(A11A12))(((A13A14)(A15A16))(A17A18)))((A19A20)(A21A22)))))))(A23A24))A25
122821 (((A1A2)(((A3A4)(A5A6))(A7A8)))((((A9A10)(A11A12))((A13A14)(A15A16)))(((A17A18)(A19A20))(A21A22))))((A23A24)A25)
51068 (A1(A2(A3(A4(A5(A6(A7(A8(A9(A10(A11(A12(A13(A14(A15(A16(A17(A18(A19(A20(A21A22)))))))))))))))))))))((A23A24)A25)
